2025-09-30 19:14:57.653277: I tensorflow/core/platform/cpu_feature_guard.cc:142] This TensorFlow binary is optimized with oneAPI Deep Neural Network Library (oneDNN) to use the following CPU instructions in performance-critical operations:  AVX2 AVX512F FMA
To enable them in other operations, rebuild TensorFlow with the appropriate compiler flags.
2025-09-30 19:14:58.272591: I tensorflow/core/common_runtime/gpu/gpu_device.cc:1510] Created device /job:localhost/replica:0/task:0/device:GPU:0 with 14618 MB memory:  -> device: 0, name: Quadro RTX 5000, pci bus id: 0000:3b:00.0, compute capability: 7.5
2025-09-30 19:14:58.875028: I tensorflow/compiler/mlir/mlir_graph_optimization_pass.cc:185] None of the MLIR Optimization Passes are enabled (registered 2)

=== A_lr_0.001_drop_0.0_l2_0.0 ===
arch=[256, 128] lr=0.001 dropout=0.0 l2=0.0 epochs=10
Epoch 1/10
1688/1688 - 8s - loss: 0.8097 - accuracy: 0.7044 - val_loss: 0.5695 - val_accuracy: 0.7837
Epoch 2/10
1688/1688 - 5s - loss: 0.5278 - accuracy: 0.8095 - val_loss: 0.5023 - val_accuracy: 0.8183
Epoch 3/10
1688/1688 - 5s - loss: 0.4655 - accuracy: 0.8324 - val_loss: 0.4560 - val_accuracy: 0.8343
Epoch 4/10
1688/1688 - 5s - loss: 0.4313 - accuracy: 0.8439 - val_loss: 0.4243 - val_accuracy: 0.8455
Epoch 5/10
1688/1688 - 5s - loss: 0.4068 - accuracy: 0.8525 - val_loss: 0.4104 - val_accuracy: 0.8520
Epoch 6/10
1688/1688 - 5s - loss: 0.3893 - accuracy: 0.8588 - val_loss: 0.3835 - val_accuracy: 0.8630
Epoch 7/10
1688/1688 - 5s - loss: 0.3740 - accuracy: 0.8639 - val_loss: 0.3686 - val_accuracy: 0.8658
Epoch 8/10
1688/1688 - 5s - loss: 0.3612 - accuracy: 0.8684 - val_loss: 0.3662 - val_accuracy: 0.8668
Epoch 9/10
1688/1688 - 5s - loss: 0.3500 - accuracy: 0.8731 - val_loss: 0.3628 - val_accuracy: 0.8683
Epoch 10/10
1688/1688 - 5s - loss: 0.3389 - accuracy: 0.8760 - val_loss: 0.3527 - val_accuracy: 0.8720
VAL  -> loss=0.3527  acc=0.8720
TEST -> loss=0.3885 acc=0.8623
Saved confusion matrix to A_lr_0.001_drop_0.0_l2_0.0_confusion_matrix.png
95% CI for test accuracy: [0.8555, 0.8691]

=== A_lr_0.001_drop_0.2_l2_0.0001 ===
arch=[256, 128] lr=0.001 dropout=0.2 l2=0.0001 epochs=10
Epoch 1/10
1688/1688 - 6s - loss: 1.0972 - accuracy: 0.6394 - val_loss: 0.7916 - val_accuracy: 0.7602
Epoch 2/10
1688/1688 - 5s - loss: 0.8047 - accuracy: 0.7581 - val_loss: 0.7185 - val_accuracy: 0.7890
Epoch 3/10
1688/1688 - 5s - loss: 0.7391 - accuracy: 0.7839 - val_loss: 0.6662 - val_accuracy: 0.8098
Epoch 4/10
1688/1688 - 5s - loss: 0.7022 - accuracy: 0.8007 - val_loss: 0.6466 - val_accuracy: 0.8178
Epoch 5/10
1688/1688 - 5s - loss: 0.6767 - accuracy: 0.8089 - val_loss: 0.6190 - val_accuracy: 0.8243
Epoch 6/10
1688/1688 - 5s - loss: 0.6547 - accuracy: 0.8145 - val_loss: 0.6377 - val_accuracy: 0.8195
Epoch 7/10
1688/1688 - 5s - loss: 0.6388 - accuracy: 0.8206 - val_loss: 0.5843 - val_accuracy: 0.8353
Epoch 8/10
1688/1688 - 5s - loss: 0.6245 - accuracy: 0.8237 - val_loss: 0.5745 - val_accuracy: 0.8418
Epoch 9/10
1688/1688 - 5s - loss: 0.6144 - accuracy: 0.8276 - val_loss: 0.5618 - val_accuracy: 0.8423
Epoch 10/10
1688/1688 - 5s - loss: 0.6037 - accuracy: 0.8299 - val_loss: 0.5592 - val_accuracy: 0.8423
VAL  -> loss=0.5592  acc=0.8423
TEST -> loss=0.5872 acc=0.8346
Saved confusion matrix to A_lr_0.001_drop_0.2_l2_0.0001_confusion_matrix.png
95% CI for test accuracy: [0.8273, 0.8419]

=== A_lr_0.0003_drop_0.0_l2_0.0 ===
arch=[256, 128] lr=0.0003 dropout=0.0 l2=0.0 epochs=10
Epoch 1/10
1688/1688 - 5s - loss: 1.0876 - accuracy: 0.6356 - val_loss: 0.7013 - val_accuracy: 0.7448
Epoch 2/10
1688/1688 - 5s - loss: 0.6479 - accuracy: 0.7616 - val_loss: 0.6005 - val_accuracy: 0.7715
Epoch 3/10
1688/1688 - 5s - loss: 0.5796 - accuracy: 0.7884 - val_loss: 0.5534 - val_accuracy: 0.8025
Epoch 4/10
1688/1688 - 5s - loss: 0.5404 - accuracy: 0.8051 - val_loss: 0.5192 - val_accuracy: 0.8138
Epoch 5/10
1688/1688 - 5s - loss: 0.5098 - accuracy: 0.8171 - val_loss: 0.4923 - val_accuracy: 0.8238
Epoch 6/10
1688/1688 - 5s - loss: 0.4867 - accuracy: 0.8268 - val_loss: 0.4714 - val_accuracy: 0.8305
Epoch 7/10
1688/1688 - 5s - loss: 0.4676 - accuracy: 0.8333 - val_loss: 0.4571 - val_accuracy: 0.8378
Epoch 8/10
1688/1688 - 5s - loss: 0.4519 - accuracy: 0.8382 - val_loss: 0.4452 - val_accuracy: 0.8413
Epoch 9/10
1688/1688 - 5s - loss: 0.4397 - accuracy: 0.8430 - val_loss: 0.4378 - val_accuracy: 0.8440
Epoch 10/10
1688/1688 - 5s - loss: 0.4289 - accuracy: 0.8477 - val_loss: 0.4265 - val_accuracy: 0.8462
VAL  -> loss=0.4265  acc=0.8462
TEST -> loss=0.4575 acc=0.8356
Saved confusion matrix to A_lr_0.0003_drop_0.0_l2_0.0_confusion_matrix.png
95% CI for test accuracy: [0.8283, 0.8429]

=== A_lr_0.0003_drop_0.2_l2_0.0001 ===
arch=[256, 128] lr=0.0003 dropout=0.2 l2=0.0001 epochs=10
Epoch 1/10
1688/1688 - 5s - loss: 1.3388 - accuracy: 0.5659 - val_loss: 0.9716 - val_accuracy: 0.7132
Epoch 2/10
1688/1688 - 5s - loss: 0.9555 - accuracy: 0.7041 - val_loss: 0.8534 - val_accuracy: 0.7440
Epoch 3/10
1688/1688 - 5s - loss: 0.8703 - accuracy: 0.7348 - val_loss: 0.7921 - val_accuracy: 0.7607
Epoch 4/10
1688/1688 - 5s - loss: 0.8138 - accuracy: 0.7539 - val_loss: 0.7518 - val_accuracy: 0.7750
Epoch 5/10
1688/1688 - 5s - loss: 0.7773 - accuracy: 0.7701 - val_loss: 0.7213 - val_accuracy: 0.7900
Epoch 6/10
1688/1688 - 5s - loss: 0.7504 - accuracy: 0.7797 - val_loss: 0.7019 - val_accuracy: 0.8010
Epoch 7/10
1688/1688 - 5s - loss: 0.7297 - accuracy: 0.7899 - val_loss: 0.6844 - val_accuracy: 0.8080
Epoch 8/10
1688/1688 - 5s - loss: 0.7113 - accuracy: 0.7973 - val_loss: 0.6630 - val_accuracy: 0.8145
Epoch 9/10
1688/1688 - 5s - loss: 0.6969 - accuracy: 0.8023 - val_loss: 0.6531 - val_accuracy: 0.8220
Epoch 10/10
1688/1688 - 5s - loss: 0.6819 - accuracy: 0.8057 - val_loss: 0.6470 - val_accuracy: 0.8172
VAL  -> loss=0.6470  acc=0.8172
TEST -> loss=0.6673 acc=0.8084
Saved confusion matrix to A_lr_0.0003_drop_0.2_l2_0.0001_confusion_matrix.png
95% CI for test accuracy: [0.8007, 0.8161]

=== B_lr_0.001_drop_0.0_l2_0.0 ===
arch=[512, 256, 128] lr=0.001 dropout=0.0 l2=0.0 epochs=10
Epoch 1/10
1688/1688 - 6s - loss: 0.7376 - accuracy: 0.7245 - val_loss: 0.5276 - val_accuracy: 0.8060
Epoch 2/10
1688/1688 - 5s - loss: 0.4870 - accuracy: 0.8222 - val_loss: 0.4385 - val_accuracy: 0.8392
Epoch 3/10
1688/1688 - 5s - loss: 0.4289 - accuracy: 0.8414 - val_loss: 0.4190 - val_accuracy: 0.8445
Epoch 4/10
1688/1688 - 5s - loss: 0.3970 - accuracy: 0.8534 - val_loss: 0.4103 - val_accuracy: 0.8468
Epoch 5/10
1688/1688 - 5s - loss: 0.3700 - accuracy: 0.8633 - val_loss: 0.3636 - val_accuracy: 0.8658
Epoch 6/10
1688/1688 - 5s - loss: 0.3520 - accuracy: 0.8706 - val_loss: 0.3900 - val_accuracy: 0.8562
Epoch 7/10
1688/1688 - 5s - loss: 0.3368 - accuracy: 0.8755 - val_loss: 0.3413 - val_accuracy: 0.8765
Epoch 8/10
1688/1688 - 5s - loss: 0.3230 - accuracy: 0.8814 - val_loss: 0.3480 - val_accuracy: 0.8688
Epoch 9/10
1688/1688 - 5s - loss: 0.3122 - accuracy: 0.8840 - val_loss: 0.3348 - val_accuracy: 0.8770
Epoch 10/10
1688/1688 - 5s - loss: 0.3019 - accuracy: 0.8884 - val_loss: 0.3350 - val_accuracy: 0.8758
VAL  -> loss=0.3350  acc=0.8758
TEST -> loss=0.3746 acc=0.8639
Saved confusion matrix to B_lr_0.001_drop_0.0_l2_0.0_confusion_matrix.png
95% CI for test accuracy: [0.8572, 0.8706]

=== B_lr_0.001_drop_0.2_l2_0.0001 ===
arch=[512, 256, 128] lr=0.001 dropout=0.2 l2=0.0001 epochs=10
Epoch 1/10
1688/1688 - 6s - loss: 0.9753 - accuracy: 0.6711 - val_loss: 0.7003 - val_accuracy: 0.7817
Epoch 2/10
1688/1688 - 6s - loss: 0.7249 - accuracy: 0.7826 - val_loss: 0.6347 - val_accuracy: 0.8130
Epoch 3/10
1688/1688 - 6s - loss: 0.6692 - accuracy: 0.8066 - val_loss: 0.6007 - val_accuracy: 0.8247
Epoch 4/10
1688/1688 - 6s - loss: 0.6456 - accuracy: 0.8132 - val_loss: 0.5737 - val_accuracy: 0.8378
Epoch 5/10
1688/1688 - 6s - loss: 0.6192 - accuracy: 0.8230 - val_loss: 0.5409 - val_accuracy: 0.8485
Epoch 6/10
1688/1688 - 6s - loss: 0.6049 - accuracy: 0.8266 - val_loss: 0.5680 - val_accuracy: 0.8363
Epoch 7/10
1688/1688 - 6s - loss: 0.5939 - accuracy: 0.8298 - val_loss: 0.5440 - val_accuracy: 0.8435
Epoch 8/10
1688/1688 - 6s - loss: 0.5807 - accuracy: 0.8350 - val_loss: 0.5392 - val_accuracy: 0.8493
Epoch 9/10
1688/1688 - 6s - loss: 0.5710 - accuracy: 0.8394 - val_loss: 0.5540 - val_accuracy: 0.8425
Epoch 10/10
1688/1688 - 6s - loss: 0.5663 - accuracy: 0.8393 - val_loss: 0.5409 - val_accuracy: 0.8423
VAL  -> loss=0.5409  acc=0.8423
TEST -> loss=0.5753 acc=0.8316
Saved confusion matrix to B_lr_0.001_drop_0.2_l2_0.0001_confusion_matrix.png
95% CI for test accuracy: [0.8243, 0.8389]

=== B_lr_0.0003_drop_0.0_l2_0.0 ===
arch=[512, 256, 128] lr=0.0003 dropout=0.0 l2=0.0 epochs=10
Epoch 1/10
1688/1688 - 6s - loss: 0.8755 - accuracy: 0.6846 - val_loss: 0.6346 - val_accuracy: 0.7652
Epoch 2/10
1688/1688 - 5s - loss: 0.5657 - accuracy: 0.7941 - val_loss: 0.5241 - val_accuracy: 0.8047
Epoch 3/10
1688/1688 - 5s - loss: 0.5073 - accuracy: 0.8179 - val_loss: 0.4878 - val_accuracy: 0.8238
Epoch 4/10
1688/1688 - 5s - loss: 0.4722 - accuracy: 0.8301 - val_loss: 0.4616 - val_accuracy: 0.8333
Epoch 5/10
1688/1688 - 5s - loss: 0.4454 - accuracy: 0.8399 - val_loss: 0.4361 - val_accuracy: 0.8423
Epoch 6/10
1688/1688 - 5s - loss: 0.4258 - accuracy: 0.8469 - val_loss: 0.4222 - val_accuracy: 0.8478
Epoch 7/10
1688/1688 - 5s - loss: 0.4111 - accuracy: 0.8522 - val_loss: 0.4261 - val_accuracy: 0.8452
Epoch 8/10
1688/1688 - 5s - loss: 0.3970 - accuracy: 0.8569 - val_loss: 0.3887 - val_accuracy: 0.8558
Epoch 9/10
1688/1688 - 5s - loss: 0.3836 - accuracy: 0.8609 - val_loss: 0.3825 - val_accuracy: 0.8605
Epoch 10/10
1688/1688 - 5s - loss: 0.3719 - accuracy: 0.8632 - val_loss: 0.3697 - val_accuracy: 0.8672
VAL  -> loss=0.3697  acc=0.8672
TEST -> loss=0.4050 acc=0.8559
Saved confusion matrix to B_lr_0.0003_drop_0.0_l2_0.0_confusion_matrix.png
95% CI for test accuracy: [0.8490, 0.8628]

=== B_lr_0.0003_drop_0.2_l2_0.0001 ===
arch=[512, 256, 128] lr=0.0003 dropout=0.2 l2=0.0001 epochs=10
Epoch 1/10
1688/1688 - 6s - loss: 1.1360 - accuracy: 0.6051 - val_loss: 0.8236 - val_accuracy: 0.7405
Epoch 2/10
1688/1688 - 6s - loss: 0.7948 - accuracy: 0.7454 - val_loss: 0.6850 - val_accuracy: 0.7903
Epoch 3/10
1688/1688 - 6s - loss: 0.7076 - accuracy: 0.7854 - val_loss: 0.6308 - val_accuracy: 0.8133
Epoch 4/10
1688/1688 - 6s - loss: 0.6634 - accuracy: 0.8034 - val_loss: 0.5982 - val_accuracy: 0.8240
Epoch 5/10
1688/1688 - 6s - loss: 0.6299 - accuracy: 0.8172 - val_loss: 0.5833 - val_accuracy: 0.8308
Epoch 6/10
1688/1688 - 6s - loss: 0.6045 - accuracy: 0.8258 - val_loss: 0.5627 - val_accuracy: 0.8380
Epoch 7/10
1688/1688 - 6s - loss: 0.5905 - accuracy: 0.8309 - val_loss: 0.5423 - val_accuracy: 0.8405
Epoch 8/10
1688/1688 - 6s - loss: 0.5761 - accuracy: 0.8361 - val_loss: 0.5456 - val_accuracy: 0.8453
Epoch 9/10
1688/1688 - 6s - loss: 0.5624 - accuracy: 0.8390 - val_loss: 0.5559 - val_accuracy: 0.8373
Epoch 10/10
1688/1688 - 6s - loss: 0.5531 - accuracy: 0.8435 - val_loss: 0.5201 - val_accuracy: 0.8552
VAL  -> loss=0.5201  acc=0.8552
TEST -> loss=0.5542 acc=0.8434
Saved confusion matrix to B_lr_0.0003_drop_0.2_l2_0.0001_confusion_matrix.png
95% CI for test accuracy: [0.8363, 0.8505]
